product.php?a=post&id=169&prod_from=7
product.php?a=post&id=867&prod_from=7
product.php?a=post&id=170&prod_from=7
product.php?a=post&id=474&prod_from=7
product.php?a=post&id=109&prod_from=7
product.php?a=post&id=117&prod_from=7
product.php?a=post&id=110&prod_from=7
product.php?a=post&id=42&prod_from=7
product.php?a=post&id=20&prod_from=7
product.php?a=post&id=54&prod_from=7
product.php?a=post&id=55&prod_from=7
product.php?a=post&id=56&prod_from=7
product.php?a=post&id=2199&prod_from=7
product.php?a=post&id=8383&prod_from=7
product.php?a=post&id=1226&prod_from=7
product.php?a=post&id=937&prod_from=7
product.php?a=post&id=881&prod_from=7
product.php?a=post&id=1255&prod_from=7
product.php?a=post&id=130&prod_from=7
product.php?a=post&id=2317&prod_from=7
product.php?a=post&id=6606&prod_from=7
product.php?a=post&id=1254&prod_from=7
product.php?a=post&id=2275&prod_from=7
product.php?a=post&id=118&prod_from=7
product.php?a=post&id=119&prod_from=7
product.php?a=post&id=2185&prod_from=7
product.php?a=post&id=120&prod_from=7
product.php?a=post&id=7434&prod_from=7
product.php?a=post&id=2187&prod_from=7
product.php?a=post&id=6568&prod_from=7
product.php?a=post&id=6566&prod_from=7
product.php?a=post&id=7726&prod_from=7
product.php?a=post&id=6037&prod_from=7
product.php?a=post&id=127&prod_from=7
product.php?a=post&id=128&prod_from=7
product.php?a=post&id=7749&prod_from=7
product.php?a=post&id=7748&prod_from=7
product.php?a=post&id=3380&prod_from=7
product.php?a=post&id=7404&prod_from=7
product.php?a=post&id=5977&prod_from=7
product.php?a=post&id=5978&prod_from=7
product.php?a=post&id=5979&prod_from=7
product.php?a=post&id=5976&prod_from=7
product.php?a=post&id=5981&prod_from=7
product.php?a=post&id=7433&prod_from=7
product.php?a=post&id=7809&prod_from=7
product.php?a=post&id=281&prod_from=7
product.php?a=post&id=124&prod_from=7
product.php?a=post&id=5975&prod_from=7
product.php?a=post&id=6999&prod_from=7
product.php?a=post&id=6996&prod_from=7
product.php?a=post&id=6997&prod_from=7
product.php?a=post&id=7337&prod_from=7
product.php?a=post&id=8100&prod_from=7
product.php?a=post&id=8099&prod_from=7
product.php?a=post&id=8098&prod_from=7
product.php?a=post&id=301&prod_from=7
product.php?a=post&id=300&prod_from=7
product.php?a=post&id=299&prod_from=7
product.php?a=post&id=303&prod_from=7
product.php?a=post&id=305&prod_from=7
product.php?a=post&id=304&prod_from=7
product.php?a=post&id=314&prod_from=7
product.php?a=post&id=306&prod_from=7
product.php?a=post&id=5980&prod_from=7
product.php?a=post&id=307&prod_from=7
product.php?a=post&id=21&prod_from=7
product.php?a=post&id=4086&prod_from=7
product.php?a=post&id=634&prod_from=7
product.php?a=post&id=635&prod_from=7
product.php?a=post&id=7219&prod_from=7
product.php?a=post&id=629&prod_from=7
product.php?a=post&id=636&prod_from=7
product.php?a=post&id=7221&prod_from=7
product.php?a=post&id=7216&prod_from=7
product.php?a=post&id=7217&prod_from=7
product.php?a=post&id=631&prod_from=7
product.php?a=post&id=632&prod_from=7
product.php?a=post&id=633&prod_from=7
product.php?a=post&id=647&prod_from=7
product.php?a=post&id=628&prod_from=7
product.php?a=post&id=581&prod_from=7
product.php?a=post&id=639&prod_from=7
product.php?a=post&id=640&prod_from=7
product.php?a=post&id=641&prod_from=7
product.php?a=post&id=642&prod_from=7
product.php?a=post&id=8327&prod_from=7
product.php?a=post&id=8326&prod_from=7
product.php?a=post&id=8328&prod_from=7
product.php?a=post&id=8324&prod_from=7
product.php?a=post&id=8325&prod_from=7
product.php?a=post&id=643&prod_from=7
product.php?a=post&id=645&prod_from=7
product.php?a=post&id=646&prod_from=7
product.php?a=post&id=779&prod_from=7
product.php?a=post&id=627&prod_from=7
product.php?a=post&id=648&prod_from=7
product.php?a=post&id=6953&prod_from=7
product.php?a=post&id=649&prod_from=7
product.php?a=post&id=637&prod_from=7
product.php?a=post&id=638&prod_from=7
product.php?a=post&id=578&prod_from=7
product.php?a=post&id=579&prod_from=7
product.php?a=post&id=4928&prod_from=7
product.php?a=post&id=4891&prod_from=7
product.php?a=post&id=4898&prod_from=7
product.php?a=post&id=4887&prod_from=7
product.php?a=post&id=4926&prod_from=7
product.php?a=post&id=4927&prod_from=7
product.php?a=post&id=4890&prod_from=7
product.php?a=post&id=6011&prod_from=7
product.php?a=post&id=4884&prod_from=7
product.php?a=post&id=4885&prod_from=7
product.php?a=post&id=6007&prod_from=7
product.php?a=post&id=4916&prod_from=7
product.php?a=post&id=4920&prod_from=7
product.php?a=post&id=4921&prod_from=7
product.php?a=post&id=4922&prod_from=7
product.php?a=post&id=4919&prod_from=7
product.php?a=post&id=6009&prod_from=7
product.php?a=post&id=4892&prod_from=7
product.php?a=post&id=6010&prod_from=7
product.php?a=post&id=4909&prod_from=7
product.php?a=post&id=4910&prod_from=7
product.php?a=post&id=4911&prod_from=7
product.php?a=post&id=4912&prod_from=7
product.php?a=post&id=4899&prod_from=7
product.php?a=post&id=4900&prod_from=7
product.php?a=post&id=4888&prod_from=7
product.php?a=post&id=4901&prod_from=7
product.php?a=post&id=4902&prod_from=7
product.php?a=post&id=4903&prod_from=7
product.php?a=post&id=4904&prod_from=7
product.php?a=post&id=4905&prod_from=7
product.php?a=post&id=4906&prod_from=7
product.php?a=post&id=4907&prod_from=7
product.php?a=post&id=4886&prod_from=7
product.php?a=post&id=4929&prod_from=7
product.php?a=post&id=4913&prod_from=7
product.php?a=post&id=4914&prod_from=7
product.php?a=post&id=4893&prod_from=7
product.php?a=post&id=4894&prod_from=7
product.php?a=post&id=4895&prod_from=7
product.php?a=post&id=4917&prod_from=7
product.php?a=post&id=5326&prod_from=7
product.php?a=post&id=5327&prod_from=7
product.php?a=post&id=4889&prod_from=7
product.php?a=post&id=6020&prod_from=7
product.php?a=post&id=4896&prod_from=7
product.php?a=post&id=4897&prod_from=7
product.php?a=post&id=5324&prod_from=7
product.php?a=post&id=5325&prod_from=7
product.php?a=post&id=4915&prod_from=7
product.php?a=post&id=4923&prod_from=7
product.php?a=post&id=4924&prod_from=7
product.php?a=post&id=4925&prod_from=7
product.php?a=post&id=4908&prod_from=7
product.php?a=post&id=4918&prod_from=7
product.php?a=post&id=390&prod_from=7
product.php?a=post&id=1622&prod_from=7
product.php?a=post&id=347&prod_from=7
product.php?a=post&id=352&prod_from=7
product.php?a=post&id=4465&prod_from=7
product.php?a=post&id=1627&prod_from=7
product.php?a=post&id=391&prod_from=7
product.php?a=post&id=1623&prod_from=7
product.php?a=post&id=359&prod_from=7
product.php?a=post&id=363&prod_from=7
product.php?a=post&id=4466&prod_from=7
product.php?a=post&id=1628&prod_from=7
product.php?a=post&id=388&prod_from=7
product.php?a=post&id=386&prod_from=7
product.php?a=post&id=389&prod_from=7
product.php?a=post&id=387&prod_from=7
product.php?a=post&id=384&prod_from=7
product.php?a=post&id=385&prod_from=7
product.php?a=post&id=380&prod_from=7
product.php?a=post&id=382&prod_from=7
product.php?a=post&id=131&prod_from=7
product.php?a=post&id=1214&prod_from=7
product.php?a=post&id=4467&prod_from=7
product.php?a=post&id=4479&prod_from=7
product.php?a=post&id=6196&prod_from=7
product.php?a=post&id=396&prod_from=7
product.php?a=post&id=2971&prod_from=7
product.php?a=post&id=2972&prod_from=7
product.php?a=post&id=1625&prod_from=7
product.php?a=post&id=1626&prod_from=7
product.php?a=post&id=317&prod_from=7
product.php?a=post&id=132&prod_from=7
product.php?a=post&id=7200&prod_from=7
product.php?a=post&id=318&prod_from=7
product.php?a=post&id=319&prod_from=7
product.php?a=post&id=7201&prod_from=7
product.php?a=post&id=2414&prod_from=7
product.php?a=post&id=7296&prod_from=7
product.php?a=post&id=7295&prod_from=7
product.php?a=post&id=4481&prod_from=7
product.php?a=post&id=6004&prod_from=7
product.php?a=post&id=6003&prod_from=7
product.php?a=post&id=1653&prod_from=7
product.php?a=post&id=1654&prod_from=7
product.php?a=post&id=6198&prod_from=7
product.php?a=post&id=4469&prod_from=7
product.php?a=post&id=7321&prod_from=7
product.php?a=post&id=7319&prod_from=7
product.php?a=post&id=392&prod_from=7
product.php?a=post&id=393&prod_from=7
product.php?a=post&id=2094&prod_from=7
product.php?a=post&id=1624&prod_from=7
product.php?a=post&id=383&prod_from=7
product.php?a=post&id=1614&prod_from=7
product.php?a=post&id=381&prod_from=7
product.php?a=post&id=332&prod_from=7
product.php?a=post&id=335&prod_from=7
product.php?a=post&id=323&prod_from=7
product.php?a=post&id=324&prod_from=7
product.php?a=post&id=325&prod_from=7
product.php?a=post&id=326&prod_from=7
product.php?a=post&id=449&prod_from=7
product.php?a=post&id=371&prod_from=7
product.php?a=post&id=6018&prod_from=7
product.php?a=post&id=6019&prod_from=7
product.php?a=post&id=4447&prod_from=7
product.php?a=post&id=4448&prod_from=7
product.php?a=post&id=4449&prod_from=7
product.php?a=post&id=4450&prod_from=7
product.php?a=post&id=6221&prod_from=7
product.php?a=post&id=4451&prod_from=7
product.php?a=post&id=4452&prod_from=7
product.php?a=post&id=4453&prod_from=7
product.php?a=post&id=4455&prod_from=7
product.php?a=post&id=4456&prod_from=7
product.php?a=post&id=4460&prod_from=7
product.php?a=post&id=4463&prod_from=7
product.php?a=post&id=4523&prod_from=7
product.php?a=post&id=4320&prod_from=7
product.php?a=post&id=4520&prod_from=7
product.php?a=post&id=4624&prod_from=7
product.php?a=post&id=4294&prod_from=7
product.php?a=post&id=4529&prod_from=7
product.php?a=post&id=4525&prod_from=7
product.php?a=post&id=4526&prod_from=7
product.php?a=post&id=4528&prod_from=7
product.php?a=post&id=4626&prod_from=7
product.php?a=post&id=4627&prod_from=7
product.php?a=post&id=4657&prod_from=7
product.php?a=post&id=4658&prod_from=7
product.php?a=post&id=4524&prod_from=7
product.php?a=post&id=4547&prod_from=7
product.php?a=post&id=4548&prod_from=7
product.php?a=post&id=4367&prod_from=7
product.php?a=post&id=4368&prod_from=7
product.php?a=post&id=4482&prod_from=7
product.php?a=post&id=4483&prod_from=7
product.php?a=post&id=4521&prod_from=7
product.php?a=post&id=4485&prod_from=7
product.php?a=post&id=4552&prod_from=7
product.php?a=post&id=4549&prod_from=7
product.php?a=post&id=4551&prod_from=7
product.php?a=post&id=4550&prod_from=7
product.php?a=post&id=4285&prod_from=7
product.php?a=post&id=4680&prod_from=7
product.php?a=post&id=4486&prod_from=7
product.php?a=post&id=4443&prod_from=7
product.php?a=post&id=4378&prod_from=7
product.php?a=post&id=4379&prod_from=7
product.php?a=post&id=4380&prod_from=7
product.php?a=post&id=7856&prod_from=7
product.php?a=post&id=7857&prod_from=7
product.php?a=post&id=4291&prod_from=7
product.php?a=post&id=4402&prod_from=7
product.php?a=post&id=4435&prod_from=7
product.php?a=post&id=4436&prod_from=7
product.php?a=post&id=4403&prod_from=7
product.php?a=post&id=4444&prod_from=7
product.php?a=post&id=4439&prod_from=7
product.php?a=post&id=4404&prod_from=7
product.php?a=post&id=4405&prod_from=7
product.php?a=post&id=4415&prod_from=7
product.php?a=post&id=4441&prod_from=7
product.php?a=post&id=4445&prod_from=7
product.php?a=post&id=4387&prod_from=7
product.php?a=post&id=4446&prod_from=7
product.php?a=post&id=7282&prod_from=7
product.php?a=post&id=4574&prod_from=7
product.php?a=post&id=4575&prod_from=7
product.php?a=post&id=4522&prod_from=7
product.php?a=post&id=4369&prod_from=7
product.php?a=post&id=4576&prod_from=7
product.php?a=post&id=4292&prod_from=7
product.php?a=post&id=7813&prod_from=7
product.php?a=post&id=7814&prod_from=7
product.php?a=post&id=4663&prod_from=7
product.php?a=post&id=4661&prod_from=7
product.php?a=post&id=4669&prod_from=7
product.php?a=post&id=4670&prod_from=7
product.php?a=post&id=4674&prod_from=7
product.php?a=post&id=4676&prod_from=7
product.php?a=post&id=4677&prod_from=7
product.php?a=post&id=4675&prod_from=7
product.php?a=post&id=4678&prod_from=7
product.php?a=post&id=4679&prod_from=7
product.php?a=post&id=4600&prod_from=7
product.php?a=post&id=4601&prod_from=7
product.php?a=post&id=4599&prod_from=7
product.php?a=post&id=4288&prod_from=7
product.php?a=post&id=4293&prod_from=7
product.php?a=post&id=4507&prod_from=7
product.php?a=post&id=4518&prod_from=7
product.php?a=post&id=6635&prod_from=7
product.php?a=post&id=4370&prod_from=7
product.php?a=post&id=4371&prod_from=7
product.php?a=post&id=4519&prod_from=7
product.php?a=post&id=4630&prod_from=7
product.php?a=post&id=4631&prod_from=7
product.php?a=post&id=4632&prod_from=7
product.php?a=post&id=4391&prod_from=7
product.php?a=post&id=4382&prod_from=7
product.php?a=post&id=4602&prod_from=7
product.php?a=post&id=4603&prod_from=7
product.php?a=post&id=4604&prod_from=7
product.php?a=post&id=4605&prod_from=7
product.php?a=post&id=4606&prod_from=7
product.php?a=post&id=4607&prod_from=7
product.php?a=post&id=4608&prod_from=7
product.php?a=post&id=4609&prod_from=7
product.php?a=post&id=4610&prod_from=7
product.php?a=post&id=4611&prod_from=7
product.php?a=post&id=4477&prod_from=7
product.php?a=post&id=4476&prod_from=7
product.php?a=post&id=4471&prod_from=7
product.php?a=post&id=4475&prod_from=7
product.php?a=post&id=4474&prod_from=7
product.php?a=post&id=4473&prod_from=7
product.php?a=post&id=4612&prod_from=7
product.php?a=post&id=4383&prod_from=7
product.php?a=post&id=4384&prod_from=7
product.php?a=post&id=4385&prod_from=7
product.php?a=post&id=4386&prod_from=7
product.php?a=post&id=4388&prod_from=7
product.php?a=post&id=4389&prod_from=7
product.php?a=post&id=4390&prod_from=7
product.php?a=post&id=4381&prod_from=7
product.php?a=post&id=4392&prod_from=7
product.php?a=post&id=8096&prod_from=7
product.php?a=post&id=4393&prod_from=7
product.php?a=post&id=4394&prod_from=7
product.php?a=post&id=4395&prod_from=7
product.php?a=post&id=4396&prod_from=7
product.php?a=post&id=4397&prod_from=7
product.php?a=post&id=4398&prod_from=7
product.php?a=post&id=4399&prod_from=7
product.php?a=post&id=4400&prod_from=7
product.php?a=post&id=4401&prod_from=7
product.php?a=post&id=4556&prod_from=7
product.php?a=post&id=4557&prod_from=7
product.php?a=post&id=4558&prod_from=7
product.php?a=post&id=4559&prod_from=7
product.php?a=post&id=4560&prod_from=7
product.php?a=post&id=4561&prod_from=7
product.php?a=post&id=4562&prod_from=7
product.php?a=post&id=4563&prod_from=7
product.php?a=post&id=4564&prod_from=7
product.php?a=post&id=4565&prod_from=7
product.php?a=post&id=4566&prod_from=7
product.php?a=post&id=4567&prod_from=7
product.php?a=post&id=4568&prod_from=7
product.php?a=post&id=4569&prod_from=7
product.php?a=post&id=4570&prod_from=7
product.php?a=post&id=4571&prod_from=7
product.php?a=post&id=4572&prod_from=7
product.php?a=post&id=4573&prod_from=7
product.php?a=post&id=4639&prod_from=7
product.php?a=post&id=4638&prod_from=7
product.php?a=post&id=4637&prod_from=7
product.php?a=post&id=4636&prod_from=7
product.php?a=post&id=4635&prod_from=7
product.php?a=post&id=4641&prod_from=7
product.php?a=post&id=4633&prod_from=7
product.php?a=post&id=4642&prod_from=7
product.php?a=post&id=4640&prod_from=7
product.php?a=post&id=4644&prod_from=7
product.php?a=post&id=4646&prod_from=7
product.php?a=post&id=4645&prod_from=7
product.php?a=post&id=4648&prod_from=7
product.php?a=post&id=4647&prod_from=7
product.php?a=post&id=4634&prod_from=7
product.php?a=post&id=4313&prod_from=7
product.php?a=post&id=4330&prod_from=7
product.php?a=post&id=4331&prod_from=7
product.php?a=post&id=4337&prod_from=7
product.php?a=post&id=4338&prod_from=7
product.php?a=post&id=4332&prod_from=7
product.php?a=post&id=4333&prod_from=7
product.php?a=post&id=4334&prod_from=7
product.php?a=post&id=4335&prod_from=7
product.php?a=post&id=4336&prod_from=7
product.php?a=post&id=4339&prod_from=7
product.php?a=post&id=4356&prod_from=7
product.php?a=post&id=4355&prod_from=7
product.php?a=post&id=4354&prod_from=7
product.php?a=post&id=4357&prod_from=7
product.php?a=post&id=4353&prod_from=7
product.php?a=post&id=4352&prod_from=7
product.php?a=post&id=4351&prod_from=7
product.php?a=post&id=4350&prod_from=7
product.php?a=post&id=4349&prod_from=7
product.php?a=post&id=4348&prod_from=7
product.php?a=post&id=4347&prod_from=7
product.php?a=post&id=4346&prod_from=7
product.php?a=post&id=4345&prod_from=7
product.php?a=post&id=4344&prod_from=7
product.php?a=post&id=4365&prod_from=7
product.php?a=post&id=4538&prod_from=7
product.php?a=post&id=4537&prod_from=7
product.php?a=post&id=4536&prod_from=7
product.php?a=post&id=4535&prod_from=7
product.php?a=post&id=4534&prod_from=7
pproduct.php?a=post&id=4755&prod_from=7
product.php?a=post&id=4756&prod_from=7
product.php?a=post&id=4758&prod_from=7
product.php?a=post&id=4759&prod_from=7
product.php?a=post&id=7540&prod_from=7
product.php?a=post&id=4760&prod_from=7
product.php?a=post&id=4761&prod_from=7
product.php?a=post&id=7549&prod_from=7
product.php?a=post&id=7538&prod_from=7
product.php?a=post&id=7547&prod_from=7
product.php?a=post&id=7548&prod_from=7
product.php?a=post&id=4762&prod_from=7
product.php?a=post&id=4733&prod_from=7
product.php?a=post&id=4734&prod_from=7
product.php?a=post&id=4763&prod_from=7
product.php?a=post&id=7550&prod_from=7
product.php?a=post&id=4764&prod_from=7
product.php?a=post&id=4765&prod_from=7
product.php?a=post&id=4735&prod_from=7
product.php?a=post&id=4736&prod_from=7
product.php?a=post&id=4767&prod_from=7
product.php?a=post&id=4737&prod_from=7
product.php?a=post&id=4768&prod_from=7
product.php?a=post&id=7552&prod_from=7
product.php?a=post&id=4769&prod_from=7
product.php?a=post&id=7537&prod_from=7
product.php?a=post&id=4738&prod_from=7
product.php?a=post&id=7551&prod_from=7
product.php?a=post&id=1655&prod_from=7
product.php?a=post&id=1657&prod_from=7
product.php?a=post&id=4771&prod_from=7
product.php?a=post&id=4772&prod_from=7
product.php?a=post&id=4773&prod_from=7
product.php?a=post&id=4774&prod_from=7
product.php?a=post&id=4775&prod_from=7
product.php?a=post&id=4776&prod_from=7
product.php?a=post&id=4777&prod_from=7
product.php?a=post&id=4778&prod_from=7
product.php?a=post&id=4780&prod_from=7
product.php?a=post&id=4779&prod_from=7
product.php?a=post&id=4781&prod_from=7
product.php?a=post&id=4782&prod_from=7
product.php?a=post&id=4783&prod_from=7
product.php?a=post&id=4784&prod_from=7
product.php?a=post&id=4785&prod_from=7
product.php?a=post&id=4786&prod_from=7
product.php?a=post&id=4787&prod_from=7
product.php?a=post&id=4788&prod_from=7
product.php?a=post&id=4789&prod_from=7
product.php?a=post&id=4790&prod_from=7
product.php?a=post&id=4791&prod_from=7
product.php?a=post&id=4792&prod_from=7
product.php?a=post&id=4793&prod_from=7
product.php?a=post&id=4794&prod_from=7
product.php?a=post&id=4795&prod_from=7
product.php?a=post&id=4796&prod_from=7
product.php?a=post&id=4797&prod_from=7
product.php?a=post&id=4798&prod_from=7
product.php?a=post&id=4799&prod_from=7
product.php?a=post&id=4800&prod_from=7
product.php?a=post&id=4801&prod_from=7
product.php?a=post&id=4802&prod_from=7
product.php?a=post&id=8373&prod_from=7
product.php?a=post&id=4803&prod_from=7
product.php?a=post&id=4804&prod_from=7
product.php?a=post&id=4805&prod_from=7
product.php?a=post&id=4739&prod_from=7
product.php?a=post&id=4740&prod_from=7
product.php?a=post&id=4741&prod_from=7
product.php?a=post&id=4742&prod_from=7
product.php?a=post&id=4743&prod_from=7
product.php?a=post&id=4744&prod_from=7
product.php?a=post&id=4691&prod_from=7
product.php?a=post&id=4692&prod_from=7
product.php?a=post&id=1775&prod_from=7
product.php?a=post&id=4693&prod_from=7
product.php?a=post&id=4694&prod_from=7
product.php?a=post&id=4695&prod_from=7
product.php?a=post&id=4696&prod_from=7
product.php?a=post&id=4697&prod_from=7
product.php?a=post&id=4698&prod_from=7
product.php?a=post&id=4699&prod_from=7
product.php?a=post&id=5044&prod_from=7
product.php?a=post&id=4745&prod_from=7
product.php?a=post&id=4754&prod_from=7
product.php?a=post&id=4757&prod_from=7
product.php?a=post&id=4766&prod_from=7
product.php?a=post&id=4770&prod_from=7
product.php?a=post&id=4837&prod_from=7
product.php?a=post&id=4838&prod_from=7
product.php?a=post&id=4831&prod_from=7
product.php?a=post&id=4849&prod_from=7
product.php?a=post&id=4832&prod_from=7
product.php?a=post&id=4839&prod_from=7
product.php?a=post&id=4850&prod_from=7
product.php?a=post&id=4833&prod_from=7
product.php?a=post&id=4840&prod_from=7
product.php?a=post&id=4841&prod_from=7
product.php?a=post&id=4834&prod_from=7
product.php?a=post&id=4851&prod_from=7
product.php?a=post&id=4852&prod_from=7
product.php?a=post&id=4842&prod_from=7
product.php?a=post&id=4843&prod_from=7
product.php?a=post&id=4844&prod_from=7
product.php?a=post&id=4845&prod_from=7
pproduct.php?a=post&id=7844&prod_from=7
product.php?a=post&id=8529&prod_from=7
product.php?a=post&id=6252&prod_from=7
product.php?a=post&id=529&prod_from=7
product.php?a=post&id=1375&prod_from=7
product.php?a=post&id=1374&prod_from=7
product.php?a=post&id=528&prod_from=7
product.php?a=post&id=527&prod_from=7
product.php?a=post&id=530&prod_from=7
product.php?a=post&id=413&prod_from=7
product.php?a=post&id=414&prod_from=7
product.php?a=post&id=415&prod_from=7
product.php?a=post&id=418&prod_from=7
product.php?a=post&id=417&prod_from=7
product.php?a=post&id=419&prod_from=7
product.php?a=post&id=420&prod_from=7
product.php?a=post&id=421&prod_from=7
product.php?a=post&id=416&prod_from=7
product.php?a=post&id=422&prod_from=7
product.php?a=post&id=432&prod_from=7
product.php?a=post&id=424&prod_from=7
product.php?a=post&id=423&prod_from=7
product.php?a=post&id=430&prod_from=7
product.php?a=post&id=425&prod_from=7
product.php?a=post&id=426&prod_from=7
product.php?a=post&id=8398&prod_from=7
product.php?a=post&id=427&prod_from=7
product.php?a=post&id=7099&prod_from=7
product.php?a=post&id=429&prod_from=7
product.php?a=post&id=431&prod_from=7
product.php?a=post&id=428&prod_from=7
product.php?a=post&id=539&prod_from=7
product.php?a=post&id=541&prod_from=7
product.php?a=post&id=536&prod_from=7
product.php?a=post&id=542&prod_from=7
product.php?a=post&id=544&prod_from=7
product.php?a=post&id=537&prod_from=7
product.php?a=post&id=538&prod_from=7
product.php?a=post&id=546&prod_from=7
product.php?a=post&id=485&prod_from=7
product.php?a=post&id=486&prod_from=7
product.php?a=post&id=487&prod_from=7
product.php?a=post&id=2656&prod_from=7
product.php?a=post&id=8133&prod_from=7
product.php?a=post&id=8134&prod_from=7
product.php?a=post&id=8135&prod_from=7
product.php?a=post&id=1202&prod_from=7
product.php?a=post&id=497&prod_from=7
product.php?a=post&id=513&prod_from=7
product.php?a=post&id=498&prod_from=7
product.php?a=post&id=499&prod_from=7
product.php?a=post&id=500&prod_from=7
product.php?a=post&id=501&prod_from=7
product.php?a=post&id=502&prod_from=7
product.php?a=post&id=503&prod_from=7
product.php?a=post&id=504&prod_from=7
product.php?a=post&id=493&prod_from=7
product.php?a=post&id=505&prod_from=7
product.php?a=post&id=2118&prod_from=7
product.php?a=post&id=8406&prod_from=7
product.php?a=post&id=494&prod_from=7
product.php?a=post&id=2123&prod_from=7
product.php?a=post&id=1452&prod_from=7
product.php?a=post&id=2075&prod_from=7
product.php?a=post&id=488&prod_from=7
product.php?a=post&id=506&prod_from=7
product.php?a=post&id=491&prod_from=7
product.php?a=post&id=2073&prod_from=7
product.php?a=post&id=507&prod_from=7
product.php?a=post&id=2135&prod_from=7
product.php?a=post&id=2132&prod_from=7
product.php?a=post&id=509&prod_from=7
product.php?a=post&id=242&prod_from=7
product.php?a=post&id=510&prod_from=7
product.php?a=post&id=511&prod_from=7
product.php?a=post&id=8127&prod_from=7
product.php?a=post&id=496&prod_from=7
product.php?a=post&id=8355&prod_from=7
product.php?a=post&id=8500&prod_from=7
product.php?a=post&id=4683&prod_from=7
product.php?a=post&id=4685&prod_from=7
product.php?a=post&id=4684&prod_from=7
product.php?a=post&id=8350&prod_from=7
product.php?a=post&id=8495&prod_from=7
product.php?a=post&id=8501&prod_from=7
product.php?a=post&id=411&prod_from=7
product.php?a=post&id=401&prod_from=7
product.php?a=post&id=129&prod_from=7
product.php?a=post&id=402&prod_from=7
product.php?a=post&id=403&prod_from=7
product.php?a=post&id=404&prod_from=7
product.php?a=post&id=410&prod_from=7
product.php?a=post&id=405&prod_from=7
product.php?a=post&id=406&prod_from=7
product.php?a=post&id=407&prod_from=7
product.php?a=post&id=8119&prod_from=7
product.php?a=post&id=408&prod_from=7
product.php?a=post&id=8357&prod_from=7
product.php?a=post&id=409&prod_from=7
product.php?a=post&id=433&prod_from=7
product.php?a=post&id=434&prod_from=7
product.php?a=post&id=435&prod_from=7
product.php?a=post&id=436&prod_from=7
product.php?a=post&id=437&prod_from=7
product.php?a=post&id=451&prod_from=7
product.php?a=post&id=452&prod_from=7
product.php?a=post&id=2117&prod_from=product.php?a=post&id=7767&prod_from=7
product.php?a=post&id=7194&prod_from=7
product.php?a=post&id=6038&prod_from=7
product.php?a=post&id=8215&prod_from=7
product.php?a=post&id=7193&prod_from=7
product.php?a=post&id=7207&prod_from=7
product.php?a=post&id=7685&prod_from=7
product.php?a=post&id=7210&prod_from=7
product.php?a=post&id=6944&prod_from=7
product.php?a=post&id=8364&prod_from=7
product.php?a=post&id=8366&prod_from=7
product.php?a=post&id=8365&prod_from=7
product.php?a=post&id=6327&prod_from=7
product.php?a=post&id=7744&prod_from=7
product.php?a=post&id=6184&prod_from=7
product.php?a=post&id=6932&prod_from=7
product.php?a=post&id=7691&prod_from=7
product.php?a=post&id=6754&prod_from=7
product.php?a=post&id=6950&prod_from=7
product.php?a=post&id=6745&prod_from=7
product.php?a=post&id=7192&prod_from=7
product.php?a=post&id=7215&prod_from=7
product.php?a=post&id=6342&prod_from=7
product.php?a=post&id=7858&prod_from=7
product.php?a=post&id=7859&prod_from=7
product.php?a=post&id=7860&prod_from=7
product.php?a=post&id=8146&prod_from=7
product.php?a=post&id=8528&prod_from=7
product.php?a=post&id=8047&prod_from=7
product.php?a=post&id=6034&prod_from=7
product.php?a=post&id=8050&prod_from=7
product.php?a=post&id=8048&prod_from=7
product.php?a=post&id=8049&prod_from=7
product.php?a=post&id=6595&prod_from=7
product.php?a=post&id=6843&prod_from=7
product.php?a=post&id=8084&prod_from=7
product.php?a=post&id=6282&prod_from=7
product.php?a=post&id=6726&prod_from=7
product.php?a=post&id=6041&prod_from=7
product.php?a=post&id=8085&prod_from=7
product.php?a=post&id=6276&prod_from=7
product.php?a=post&id=6829&prod_from=7
product.php?a=post&id=6278&prod_from=7
product.php?a=post&id=6827&prod_from=7
product.php?a=post&id=8083&prod_from=7
product.php?a=post&id=8082&prod_from=7
product.php?a=post&id=7755&prod_from=7
product.php?a=post&id=6272&prod_from=7
product.php?a=post&id=8045&prod_from=7
product.php?a=post&id=8221&prod_from=7
product.php?a=post&id=8220&prod_from=7
product.php?a=post&id=6263&prod_from=7
product.php?a=post&id=6269&prod_from=7
product.php?a=post&id=8043&prod_from=7
product.php?a=post&id=8219&prod_from=7
product.php?a=post&id=8042&prod_from=7
product.php?a=post&id=8218&prod_from=7
product.php?a=post&id=8046&prod_from=7
product.php?a=post&id=8217&prod_from=7
product.php?a=post&id=8044&prod_from=7
product.php?a=post&id=8216&prod_from=7
product.php?a=post&id=7700&prod_from=7
product.php?a=post&id=8041&prod_from=7
product.php?a=post&id=8222&prod_from=7
product.php?a=post&id=6033&prod_from=7
product.php?a=post&id=7472&prod_from=7
product.php?a=post&id=6841&prod_from=7
product.php?a=post&id=8163&prod_from=7
product.php?a=post&id=8162&prod_from=7
product.php?a=post&id=6890&prod_from=7
product.php?a=post&id=8016&prod_from=7
product.php?a=post&id=8019&prod_from=7
product.php?a=post&id=8018&prod_from=7
product.php?a=post&id=7927&prod_from=7
product.php?a=post&id=6035&prod_from=7
product.php?a=post&id=8161&prod_from=7
product.php?a=post&id=8160&prod_from=7
product.php?a=post&id=8332&prod_from=7
product.php?a=post&id=8159&prod_from=7
product.php?a=post&id=8087&prod_from=7
product.php?a=post&id=6600&prod_from=7
product.php?a=post&id=8088&prod_from=7
product.php?a=post&id=8089&prod_from=7
product.php?a=post&id=6211&prod_from=7
product.php?a=post&id=6598&prod_from=7
product.php?a=post&id=8091&prod_from=7
product.php?a=post&id=8094&prod_from=7
product.php?a=post&id=8086&prod_from=7
product.php?a=post&id=6337&prod_from=7
product.php?a=post&id=8095&prod_from=7
product.php?a=post&id=8093&prod_from=7
product.php?a=post&id=8092&prod_from=7
product.php?a=post&id=7463&prod_from=7
product.php?a=post&id=2163&prod_from=7
product.php?a=post&id=6042&prod_from=7
product.php?a=post&id=8090&prod_from=7
product.php?a=post&id=7120&prod_from=7
product.php?a=post&id=7256&prod_from=7
product.php?a=post&id=7254&prod_from=7
product.php?a=post&id=6918&prod_from=7
product.php?a=post&id=8435&prod_from=7
product.php?a=post&id=8334&prod_from=7
product.php?a=post&id=8336&prod_from=7
product.php?a=post&id=8434&prod_from=7
product.php?a=post&id=8436&prod_from=7
pproduct.php?a=post&id=545&prod_from=7
product.php?a=post&id=547&prod_from=7
product.php?a=post&id=548&prod_from=7
product.php?a=post&id=549&prod_from=7
product.php?a=post&id=550&prod_from=7
product.php?a=post&id=1231&prod_from=7
product.php?a=post&id=135&prod_from=7
product.php?a=post&id=133&prod_from=7
product.php?a=post&id=134&prod_from=7
product.php?a=post&id=136&prod_from=7
product.php?a=post&id=165&prod_from=7
product.php?a=post&id=166&prod_from=7
product.php?a=post&id=167&prod_from=7
product.php?a=post&id=168&prod_from=7
product.php?a=post&id=171&prod_from=7
product.php?a=post&id=1159&prod_from=7
product.php?a=post&id=968&prod_from=7
product.php?a=post&id=7100&prod_from=7
product.php?a=post&id=398&prod_from=7
product.php?a=post&id=399&prod_from=7
product.php?a=post&id=400&prod_from=7
product.php?a=post&id=1155&prod_from=7
product.php?a=post&id=8270&prod_from=7
product.php?a=post&id=456&prod_from=7
product.php?a=post&id=457&prod_from=7
product.php?a=post&id=7367&prod_from=7
product.php?a=post&id=468&prod_from=7
product.php?a=post&id=477&prod_from=7
product.php?a=post&id=478&prod_from=7
product.php?a=post&id=5968&prod_from=7
product.php?a=post&id=5967&prod_from=7
product.php?a=post&id=5969&prod_from=7
product.php?a=post&id=5970&prod_from=7
product.php?a=post&id=5971&prod_from=7
product.php?a=post&id=5972&prod_from=7
product.php?a=post&id=2194&prod_from=7
product.php?a=post&id=2196&prod_from=7
product.php?a=post&id=2195&prod_from=7
product.php?a=post&id=2197&prod_from=7
product.php?a=post&id=2191&prod_from=7
product.php?a=post&id=123&prod_from=7
product.php?a=post&id=5973&prod_from=7
product.php?a=post&id=543&prod_from=7
product.php?a=post&id=2269&prod_from=7
product.php?a=post&id=2268&prod_from=7
product.php?a=post&id=8318&prod_from=7
product.php?a=post&id=958&prod_from=7
product.php?a=post&id=7734&prod_from=7
product.php?a=post&id=8356&prod_from=7
product.php?a=post&id=963&prod_from=7
product.php?a=post&id=7409&prod_from=7
product.php?a=post&id=532&prod_from=7
product.php?a=post&id=540&prod_from=7
product.php?a=post&id=479&prod_from=7
product.php?a=post&id=481&prod_from=7
product.php?a=post&id=484&prod_from=7
product.php?a=post&id=489&prod_from=7
product.php?a=post&id=490&prod_from=7
product.php?a=post&id=492&prod_from=7
product.php?a=post&id=495&prod_from=7
product.php?a=post&id=512&prod_from=7
product.php?a=post&id=1000&prod_from=7
product.php?a=post&id=7361&prod_from=7
product.php?a=post&id=521&prod_from=7
product.php?a=post&id=508&prod_from=7
product.php?a=post&id=525&prod_from=7
product.php?a=post&id=526&prod_from=7
product.php?a=post&id=987&prod_from=7
product.php?a=post&id=992&prod_from=7
product.php?a=post&id=1950&prod_from=7
product.php?a=post&id=7777&prod_from=7
product.php?a=post&id=7960&prod_from=7
product.php?a=post&id=36&prod_from=7
product.php?a=post&id=37&prod_from=7
product.php?a=post&id=8116&prod_from=7
product.php?a=post&id=38&prod_from=7
product.php?a=post&id=39&prod_from=7
product.php?a=post&id=32&prod_from=7
product.php?a=post&id=2150&prod_from=7
product.php?a=post&id=40&prod_from=7
product.php?a=post&id=33&prod_from=7
product.php?a=post&id=34&prod_from=7
product.php?a=post&id=41&prod_from=7
product.php?a=post&id=35&prod_from=7
product.php?a=post&id=1160&prod_from=7
product.php?a=post&id=45&prod_from=7
product.php?a=post&id=1973&prod_from=7
product.php?a=post&id=8114&prod_from=7
product.php?a=post&id=7191&prod_from=7
product.php?a=post&id=1176&prod_from=7
product.php?a=post&id=2154&prod_from=7
product.php?a=post&id=48&prod_from=7
product.php?a=post&id=49&prod_from=7
product.php?a=post&id=2153&prod_from=7
product.php?a=post&id=2156&prod_from=7
product.php?a=post&id=2157&prod_from=7
product.php?a=post&id=50&prod_from=7
product.php?a=post&id=51&prod_from=7
product.php?a=post&id=52&prod_from=7
product.php?a=post&id=53&prod_from=7
product.php?a=post&id=1668&prod_from=7
product.php?a=post&id=1229&prod_from=7
product.php?a=post&id=57&prod_from=7
product.php?a=post&id=88&prod_from=7
product.php?a=post&id=89&prod_from=7
product.php?a=post&id=93&prod_from=7
product.php?a=post&id=869&prod_from=7
product.product.php?a=post&id=8340&prod_from=7
product.php?a=post&id=8339&prod_from=7
product.php?a=post&id=8337&prod_from=7
product.php?a=post&id=8341&prod_from=7
product.php?a=post&id=8241&prod_from=7
product.php?a=post&id=6692&prod_from=7
product.php?a=post&id=8288&prod_from=7
product.php?a=post&id=8287&prod_from=7
product.php?a=post&id=7163&prod_from=7
product.php?a=post&id=8017&prod_from=7
product.php?a=post&id=6934&prod_from=7
product.php?a=post&id=7701&prod_from=7
product.php?a=post&id=6040&prod_from=7
product.php?a=post&id=7699&prod_from=7
product.php?a=post&id=7437&prod_from=7
product.php?a=post&id=7161&prod_from=7
product.php?a=post&id=6328&prod_from=7
product.php?a=post&id=6693&prod_from=7
product.php?a=post&id=6694&prod_from=7
product.php?a=post&id=7943&prod_from=7
product.php?a=post&id=7228&prod_from=7
product.php?a=post&id=7230&prod_from=7
product.php?a=post&id=6039&prod_from=7
product.php?a=post&id=7944&prod_from=7
roduct.php?a=post&id=4846&prod_from=7
product.php?a=post&id=4847&prod_from=7
product.php?a=post&id=4848&prod_from=7
product.php?a=post&id=4700&prod_from=7
product.php?a=post&id=4701&prod_from=7
product.php?a=post&id=4702&prod_from=7
product.php?a=post&id=4703&prod_from=7
product.php?a=post&id=4704&prod_from=7
product.php?a=post&id=4705&prod_from=7
product.php?a=post&id=4706&prod_from=7
product.php?a=post&id=4707&prod_from=7
product.php?a=post&id=4708&prod_from=7
product.php?a=post&id=4709&prod_from=7
product.php?a=post&id=4710&prod_from=7
product.php?a=post&id=4711&prod_from=7
product.php?a=post&id=4712&prod_from=7
product.php?a=post&id=4713&prod_from=7
product.php?a=post&id=4715&prod_from=7
product.php?a=post&id=4716&prod_from=7
product.php?a=post&id=4717&prod_from=7
product.php?a=post&id=4718&prod_from=7
product.php?a=post&id=4719&prod_from=7
product.php?a=post&id=4720&prod_from=7
product.php?a=post&id=4721&prod_from=7
product.php?a=post&id=4722&prod_from=7
product.php?a=post&id=4746&prod_from=7
product.php?a=post&id=4747&prod_from=7
product.php?a=post&id=4748&prod_from=7
product.php?a=post&id=4749&prod_from=7
product.php?a=post&id=4750&prod_from=7
product.php?a=post&id=4751&prod_from=7
product.php?a=post&id=4723&prod_from=7
product.php?a=post&id=4752&prod_from=7
product.php?a=post&id=4753&prod_from=7
product.php?a=post&id=4853&prod_from=7
product.php?a=post&id=4854&prod_from=7
product.php?a=post&id=4816&prod_from=7
product.php?a=post&id=4817&prod_from=7
product.php?a=post&id=4818&prod_from=7
product.php?a=post&id=4824&prod_from=7
product.php?a=post&id=4823&prod_from=7
product.php?a=post&id=4822&prod_from=7
product.php?a=post&id=4821&prod_from=7
product.php?a=post&id=4820&prod_from=7
product.php?a=post&id=4819&prod_from=7
product.php?a=post&id=4825&prod_from=7
product.php?a=post&id=4826&prod_from=7
product.php?a=post&id=4827&prod_from=7
product.php?a=post&id=4828&prod_from=7
product.php?a=post&id=4829&prod_from=7
product.php?a=post&id=4830&prod_from=7
product.php?a=post&id=4835&prod_from=7
product.php?a=post&id=4836&prod_from=7
product.php?a=post&id=4724&prod_from=7
product.php?a=post&id=4726&prod_from=7
product.php?a=post&id=4727&prod_from=7
product.php?a=post&id=4728&prod_from=7
product.php?a=post&id=4729&prod_from=7
product.php?a=post&id=4730&prod_from=7
product.php?a=post&id=6016&prod_from=7
product.php?a=post&id=4732&prod_from=7
product.php?a=post&id=4806&prod_from=7
product.php?a=post&id=4807&prod_from=7
product.php?a=post&id=4808&prod_from=7
product.php?a=post&id=4809&prod_from=7
product.php?a=post&id=4810&prod_from=7
product.php?a=post&id=4811&prod_from=7
product.php?a=post&id=4812&prod_from=7
product.php?a=post&id=4813&prod_from=7
product.php?a=post&id=4814&prod_from=7
product.php?a=post&id=4815&prod_from=7
hp?a=post&id=870&prod_from=7
product.php?a=post&id=871&prod_from=7
product.php?a=post&id=872&prod_from=7
product.php?a=post&id=7401&prod_from=7
product.php?a=post&id=1030&prod_from=7
product.php?a=post&id=868&prod_from=7
product.php?a=post&id=7329&prod_from=7
product.php?a=post&id=17&prod_from=7
product.php?a=post&id=551&prod_from=7
product.php?a=post&id=865&prod_from=7
product.php?a=post&id=864&prod_from=7
product.php?a=post&id=552&prod_from=7
product.php?a=post&id=572&prod_from=7
product.php?a=post&id=866&prod_from=7
product.php?a=post&id=125&prod_from=7
product.php?a=post&id=126&prod_from=7
product.php?a=post&id=4681&prod_from=7
product.php?a=post&id=4682&prod_from=7
product.php?a=post&id=8493&prod_from=7
product.php?a=post&id=8499&prod_from=7
product.php?a=post&id=8351&prod_from=7
product.php?a=post&id=1426&prod_from=7
product.php?a=post&id=7365&prod_from=7
product.php?a=post&id=7898&prod_from=7
product.php?a=post&id=8524&prod_from=7
product.php?a=post&id=7513&prod_from=7
product.php?a=post&id=8391&prod_from=7
product.php?a=post&id=8392&prod_from=7
product.php?a=post&id=8393&prod_from=7
product.php?a=post&id=8390&prod_from=7
product.php?a=post&id=1272&prod_from=7
product.php?a=post&id=1273&prod_from=7
product.php?a=post&id=1274&prod_from=7
product.php?a=post&id=7407&prod_from=7
product.php?a=post&id=873&prod_from=7
product.php?a=post&id=874&prod_from=7
product.php?a=post&id=1029&prod_from=7
product.php?a=post&id=875&prod_from=7
product.php?a=post&id=121&prod_from=7
product.php?a=post&id=122&prod_from=7
product.php?a=post&id=876&prod_from=7
product.php?a=post&id=877&prod_from=7
product.php?a=post&id=882&prod_from=7
product.php?a=post&id=6108&prod_from=7
product.php?a=post&id=878&prod_from=7
product.php?a=post&id=7158&prod_from=7
product.php?a=post&id=883&prod_from=7
product.php?a=post&id=8349&prod_from=7
product.php?a=post&id=879&prod_from=7
product.php?a=post&id=884&prod_from=7
product.php?a=post&id=6112&prod_from=7
product.php?a=post&id=1443&prod_from=7
product.php?a=post&id=885&prod_from=7
product.php?a=post&id=7156&prod_from=7
product.php?a=post&id=886&prod_from=7
product.php?a=post&id=7160&prod_from=7
product.php?a=post&id=7162&prod_from=7
product.php?a=post&id=8497&prod_from=7
product.php?a=post&id=880&prod_from=7
product.php?a=post&id=8496&prod_from=7
roduct.php?a=post&id=4533&prod_from=7
product.php?a=post&id=4613&prod_from=7
product.php?a=post&id=4614&prod_from=7
product.php?a=post&id=4623&prod_from=7
product.php?a=post&id=4615&prod_from=7
product.php?a=post&id=4616&prod_from=7
product.php?a=post&id=4617&prod_from=7
product.php?a=post&id=4618&prod_from=7
product.php?a=post&id=4619&prod_from=7
product.php?a=post&id=4620&prod_from=7
product.php?a=post&id=4621&prod_from=7
product.php?a=post&id=4622&prod_from=7
product.php?a=post&id=4542&prod_from=7
product.php?a=post&id=4543&prod_from=7
product.php?a=post&id=4406&prod_from=7
product.php?a=post&id=4407&prod_from=7
product.php?a=post&id=4408&prod_from=7
product.php?a=post&id=4478&prod_from=7
product.php?a=post&id=4472&prod_from=7
product.php?a=post&id=4577&prod_from=7
product.php?a=post&id=4578&prod_from=7
product.php?a=post&id=4532&prod_from=7
product.php?a=post&id=4654&prod_from=7
product.php?a=post&id=4655&prod_from=7
product.php?a=post&id=4342&prod_from=7
product.php?a=post&id=4494&prod_from=7
product.php?a=post&id=4493&prod_from=7
product.php?a=post&id=4492&prod_from=7
product.php?a=post&id=4491&prod_from=7
product.php?a=post&id=4490&prod_from=7
product.php?a=post&id=4489&prod_from=7
product.php?a=post&id=4488&prod_from=7
product.php?a=post&id=4487&prod_from=7
product.php?a=post&id=4500&prod_from=7
product.php?a=post&id=4501&prod_from=7
product.php?a=post&id=4502&prod_from=7
product.php?a=post&id=4503&prod_from=7
product.php?a=post&id=4504&prod_from=7
product.php?a=post&id=4505&prod_from=7
product.php?a=post&id=4506&prod_from=7
product.php?a=post&id=4517&prod_from=7
product.php?a=post&id=4516&prod_from=7
product.php?a=post&id=4515&prod_from=7
product.php?a=post&id=4514&prod_from=7
product.php?a=post&id=4513&prod_from=7
product.php?a=post&id=4511&prod_from=7
product.php?a=post&id=4510&prod_from=7
product.php?a=post&id=4512&prod_from=7
product.php?a=post&id=4509&prod_from=7
product.php?a=post&id=4508&prod_from=7
product.php?a=post&id=4579&prod_from=7
product.php?a=post&id=4580&prod_from=7
product.php?a=post&id=4581&prod_from=7
product.php?a=post&id=4582&prod_from=7
product.php?a=post&id=4583&prod_from=7
product.php?a=post&id=4584&prod_from=7
product.php?a=post&id=4585&prod_from=7
product.php?a=post&id=5323&prod_from=7
product.php?a=post&id=4586&prod_from=7
product.php?a=post&id=4587&prod_from=7
product.php?a=post&id=4588&prod_from=7
product.php?a=post&id=4589&prod_from=7
product.php?a=post&id=4590&prod_from=7
product.php?a=post&id=4591&prod_from=7
product.php?a=post&id=4592&prod_from=7
product.php?a=post&id=4593&prod_from=7
product.php?a=post&id=4594&prod_from=7
product.php?a=post&id=4595&prod_from=7
product.php?a=post&id=4596&prod_from=7
product.php?a=post&id=4597&prod_from=7
product.php?a=post&id=4598&prod_from=7
product.php?a=post&id=4409&prod_from=7
product.php?a=post&id=4410&prod_from=7
product.php?a=post&id=4413&prod_from=7
product.php?a=post&id=4411&prod_from=7
product.php?a=post&id=4412&prod_from=7
product.php?a=post&id=4414&prod_from=7
product.php?a=post&id=4418&prod_from=7
product.php?a=post&id=4419&prod_from=7
product.php?a=post&id=4420&prod_from=7
product.php?a=post&id=4421&prod_from=7
product.php?a=post&id=4541&prod_from=7
product.php?a=post&id=4422&prod_from=7
product.php?a=post&id=4423&prod_from=7
product.php?a=post&id=4531&prod_from=7
product.php?a=post&id=4649&prod_from=7
product.php?a=post&id=4650&prod_from=7
product.php?a=post&id=4651&prod_from=7
product.php?a=post&id=4424&prod_from=7
product.php?a=post&id=4425&prod_from=7
product.php?a=post&id=4426&prod_from=7
product.php?a=post&id=4544&prod_from=7
product.php?a=post&id=4545&prod_from=7
product.php?a=post&id=4427&prod_from=7
product.php?a=post&id=4546&prod_from=7
product.php?a=post&id=4429&prod_from=7
product.php?a=post&id=4428&prod_from=7
product.php?a=post&id=4417&prod_from=7
product.php?a=post&id=4416&prod_from=7
product.php?a=post&id=4653&prod_from=7
product.php?a=post&id=4652&prod_from=7
product.php?a=post&id=4539&prod_from=7
product.php?a=post&id=4540&prod_from=7
7
product.php?a=post&id=450&prod_from=7
product.php?a=post&id=2079&prod_from=7
product.php?a=post&id=7408&prod_from=7
product.php?a=post&id=7410&prod_from=7
product.php?a=post&id=2082&prod_from=7
product.php?a=post&id=6025&prod_from=7
product.php?a=post&id=7411&prod_from=7
product.php?a=post&id=2273&prod_from=7
product.php?a=post&id=453&prod_from=7
product.php?a=post&id=454&prod_from=7
product.php?a=post&id=2080&prod_from=7
product.php?a=post&id=2081&prod_from=7
product.php?a=post&id=8502&prod_from=7
product.php?a=post&id=8503&prod_from=7
product.php?a=post&id=8394&prod_from=7
product.php?a=post&id=887&prod_from=7
product.php?a=post&id=7778&prod_from=7
product.php?a=post&id=888&prod_from=7
product.php?a=post&id=8395&prod_from=7
product.php?a=post&id=1945&prod_from=7
product.php?a=post&id=7234&prod_from=7
product.php?a=post&id=7232&prod_from=7
product.php?a=post&id=1943&prod_from=7
product.php?a=post&id=412&prod_from=7
product.php?a=post&id=7195&prod_from=7
product.php?a=post&id=1440&prod_from=7
product.php?a=post&id=7363&prod_from=7
product.php?a=post&id=7362&prod_from=7
product.php?a=post&id=1433&prod_from=7
product.php?a=post&id=1427&prod_from=7
product.php?a=post&id=8385&prod_from=7
product.php?a=post&id=8386&prod_from=7
product.php?a=post&id=8387&prod_from=7
product.php?a=post&id=8388&prod_from=7
product.php?a=post&id=8389&prod_from=7
product.php?a=post&id=520&prod_from=7
product.php?a=post&id=514&prod_from=7
product.php?a=post&id=522&prod_from=7
product.php?a=post&id=2130&prod_from=7
product.php?a=post&id=517&prod_from=7
product.php?a=post&id=523&prod_from=7
product.php?a=post&id=515&prod_from=7
product.php?a=post&id=6818&prod_from=7
product.php?a=post&id=518&prod_from=7
product.php?a=post&id=516&prod_from=7
product.php?a=post&id=519&prod_from=7
product.php?a=post&id=524&prod_from=7
product.php?a=post&id=2657&prod_from=7
product.php?a=post&id=455&prod_from=7
product.php?a=post&id=458&prod_from=7
product.php?a=post&id=459&prod_from=7
product.php?a=post&id=460&prod_from=7
product.php?a=post&id=461&prod_from=7
product.php?a=post&id=462&prod_from=7
product.php?a=post&id=7400&prod_from=7
product.php?a=post&id=473&prod_from=7
product.php?a=post&id=463&prod_from=7
product.php?a=post&id=464&prod_from=7
product.php?a=post&id=2083&prod_from=7
product.php?a=post&id=465&prod_from=7
product.php?a=post&id=7328&prod_from=7
product.php?a=post&id=466&prod_from=7
product.php?a=post&id=467&prod_from=7
product.php?a=post&id=469&prod_from=7
product.php?a=post&id=2084&prod_from=7
product.php?a=post&id=475&prod_from=7
product.php?a=post&id=470&prod_from=7
product.php?a=post&id=2653&prod_from=7
product.php?a=post&id=2109&prod_from=7
product.php?a=post&id=2088&prod_from=7
product.php?a=post&id=476&prod_from=7
product.php?a=post&id=482&prod_from=7
product.php?a=post&id=483&prod_from=7
product.php?a=post&id=480&prod_from=7
product.php?a=post&id=472&prod_from=7
product.php?a=post&id=471&prod_from=7
product.php?a=post&id=8494&prod_from=7
product.php?a=post&id=18&prod_from=7
product.php?a=post&id=534&prod_from=7
product.php?a=post&id=1368&prod_from=7
product.php?a=post&id=3082&prod_from=7
product.php?a=post&id=535&prod_from=7
product.php?a=post&id=533&prod_from=7
product.php?a=post&id=2661&prod_from=7
product.php?a=post&id=439&prod_from=7
product.php?a=post&id=440&prod_from=7
product.php?a=post&id=438&prod_from=7
product.php?a=post&id=2664&prod_from=7
product.php?a=post&id=2665&prod_from=7
product.php?a=post&id=442&prod_from=7
product.php?a=post&id=890&prod_from=7
product.php?a=post&id=2667&prod_from=7
product.php?a=post&id=2680&prod_from=7
product.php?a=post&id=1678&prod_from=7
product.php?a=post&id=2688&prod_from=7
product.php?a=post&id=2676&prod_from=7
product.php?a=post&id=444&prod_from=7
product.php?a=post&id=445&prod_from=7
product.php?a=post&id=443&prod_from=7
product.php?a=post&id=2682&prod_from=7
product.php?a=post&id=441&prod_from=7
product.php?a=post&id=446&prod_from=7
product.php?a=post&id=447&prod_from=7
product.php?a=post&id=2115&prod_from=7
product.php?a=post&id=889&prod_from=7
product.php?a=post&id=448&prod_from=7
product.php?a=post&id=2685&prod_from=7
